````````````````````````````````````````````````````````````````````````````````````````````````````
2025-07-22 14:56:33,508 - ERROR - Failed rating episode (7 of 7): Bluey: The Sign (None): 10/10 on TMDB (TMDB ID: 5691297)
````````````````````````````````````````````````````````````````````````````````````````````````````

````````````````````````````````````````````````````````````````````````````````````````````````````
2025-07-22 14:56:33,507 - ERROR - Request failed with status code 404: The requested session could not be found
````````````````````````````````````````````````````````````````````````````````````````````````````

````````````````````````````````````````````````````````````````````````````````````````````````````
2025-07-22 14:56:32,969 - ERROR - Failed rating episode (6 of 7): Letterkenny: International Women’s Day (None): 5/10 on TMDB (TMDB ID: 3582216)
````````````````````````````````````````````````````````````````````````````````````````````````````

````````````````````````````````````````````````````````````````````````````````````````````````````
2025-07-22 14:56:32,968 - ERROR - Request failed with status code 404: The requested session could not be found
````````````````````````````````````````````````````````````````````````````````````````````````````

````````````````````````````````````````````````````````````````````````````````````````````````````
2025-07-22 14:56:32,694 - ERROR - Failed rating episode (5 of 7): Letterkenny: Valentime's Day (None): 5/10 on TMDB (TMDB ID: 1715365)
````````````````````````````````````````````````````````````````````````````````````````````````````

````````````````````````````````````````````````````````````````````````````````````````````````````
2025-07-22 14:56:32,693 - ERROR - Request failed with status code 404: The requested session could not be found
````````````````````````````````````````````````````````````````````````````````````````````````````

````````````````````````````````````````````````````````````````````````````````````````````````````
2025-07-22 14:56:32,219 - ERROR - Failed rating episode (4 of 7): Letterkenny: Super Hard Easter (None): 5/10 on TMDB (TMDB ID: 1715363)
````````````````````````````````````````````````````````````````````````````````````````````````````

````````````````````````````````````````````````````````````````````````````````````````````````````
2025-07-22 14:56:32,219 - ERROR - Request failed with status code 404: The requested session could not be found
````````````````````````````````````````````````````````````````````````````````````````````````````

````````````````````````````````````````````````````````````````````````````````````````````````````
2025-07-22 14:56:31,461 - ERROR - Failed rating episode (3 of 7): Letterkenny: The Haunting of MoDean's II (None): 5/10 on TMDB (TMDB ID: 1715364)
````````````````````````````````````````````````````````````````````````````````````````````````````

````````````````````````````````````````````````````````````````````````````````````````````````````
2025-07-22 14:56:31,461 - ERROR - Request failed with status code 404: The requested session could not be found
````````````````````````````````````````````````````````````````````````````````````````````````````

````````````````````````````````````````````````````````````````````````````````````````````````````
2025-07-22 14:56:30,881 - ERROR - Failed rating episode (2 of 7): Letterkenny: St. Perfect's Day (None): 5/10 on TMDB (TMDB ID: 1289051)
````````````````````````````````````````````````````````````````````````````````````````````````````

````````````````````````````````````````````````````````````````````````````````````````````````````
2025-07-22 14:56:30,880 - ERROR - Request failed with status code 404: The requested session could not be found
````````````````````````````````````````````````````````````````````````````````````````````````````

````````````````````````````````````````````````````````````````````````````````````````````````````
2025-07-22 14:56:30,274 - ERROR - Failed rating episode (1 of 7): Expedition Unknown: Secrets of Christopher Columbus (None): 5/10 on TMDB (TMDB ID: 1140956)
````````````````````````````````````````````````````````````````````````````````````````````````````

````````````````````````````````````````````````````````````````````````````````````````````````````
2025-07-22 14:56:30,273 - ERROR - Request failed with status code 404: The requested session could not be found
````````````````````````````````````````````````````````````````````````````````````````````````````

````````````````````````````````````````````````````````````````````````````````````````````````````
2025-07-22 14:56:24,059 - ERROR - Failed to add movie (160 of 170): Die Hart 2: Die Harter (None) to TMDB Watchlist (TMDB ID: 1514548)
````````````````````````````````````````````````````````````````````````````````````````````````````

````````````````````````````````````````````````````````````````````````````````````````````````````
2025-07-22 14:56:24,058 - ERROR - Request failed with status code 404: The requested session could not be found
````````````````````````````````````````````````````````````````````````````````````````````````````

````````````````````````````````````````````````````````````````````````````````````````````````````
2025-07-22 14:56:02,328 - ERROR - Failed to add movie (125 of 170): Shadow the Hedgehog (None) to TMDB Watchlist (TMDB ID: 1232239)
````````````````````````````````````````````````````````````````````````````````````````````````````

````````````````````````````````````````````````````````````````````````````````````````````````````
2025-07-22 14:56:02,327 - ERROR - Request failed with status code 404: The requested session could not be found
````````````````````````````````````````````````````````````````````````````````````````````````````

````````````````````````````````````````````````````````````````````````````````````````````````````
2025-07-22 14:56:01,821 - ERROR - Failed to add movie (124 of 170): The Unexplained Phenomenons Of The East (2023) to TMDB Watchlist (TMDB ID: 1145254)
````````````````````````````````````````````````````````````````````````````````````````````````````

````````````````````````````````````````````````````````````````````````````````````````````````````
2025-07-22 14:56:01,819 - ERROR - Request failed with status code 404: The requested session could not be found
````````````````````````````````````````````````````````````````````````````````````````````````````

````````````````````````````````````````````````````````````````````````````````````````````````````
2025-07-22 14:56:01,185 - ERROR - Failed to add movie (122 of 170): On the Trail of...Bigfoot (None) to TMDB Watchlist (TMDB ID: 519053)
````````````````````````````````````````````````````````````````````````````````````````````````````

````````````````````````````````````````````````````````````````````````````````````````````````````
2025-07-22 14:56:01,184 - ERROR - Request failed with status code 404: The requested session could not be found
````````````````````````````````````````````````````````````````````````````````````````````````````

````````````````````````````````````````````````````````````````````````````````````````````````````
2025-07-22 14:56:00,610 - ERROR - Failed to add movie (121 of 170): On the Trail of... Champ (2018) to TMDB Watchlist (TMDB ID: 531103)
````````````````````````````````````````````````````````````````````````````````````````````````````

````````````````````````````````````````````````````````````````````````````````````````````````````
2025-07-22 14:56:00,609 - ERROR - Request failed with status code 404: The requested session could not be found
````````````````````````````````````````````````````````````````````````````````````````````````````

````````````````````````````````````````````````````````````````````````````````````````````````````
2025-07-22 14:55:57,820 - ERROR - Failed to add movie (117 of 170): Epstein’s Shadow: Ghislaine Maxwell (2021) to TMDB Watchlist (TMDB ID: 845503)
````````````````````````````````````````````````````````````````````````````````````````````````````

````````````````````````````````````````````````````````````````````````````````````````````````````
2025-07-22 14:55:57,819 - ERROR - Request failed with status code 404: The requested session could not be found
````````````````````````````````````````````````````````````````````````````````````````````````````

````````````````````````````````````````````````````````````````````````````````````````````````````
2025-07-22 14:55:51,218 - ERROR - Failed to add movie (103 of 170): Ghost of Tsushima (None) to TMDB Watchlist (TMDB ID: 810395)
````````````````````````````````````````````````````````````````````````````````````````````````````

````````````````````````````````````````````````````````````````````````````````````````````````````
2025-07-22 14:55:51,217 - ERROR - Request failed with status code 404: The requested session could not be found
````````````````````````````````````````````````````````````````````````````````````````````````````

````````````````````````````````````````````````````````````````````````````````````````````````````
2025-07-22 14:55:50,448 - ERROR - Failed to add show (102 of 170): Untitled Horizon Zero Dawn Series (None) to TMDB Watchlist (TMDB ID: 205207)
````````````````````````````````````````````````````````````````````````````````````````````````````

````````````````````````````````````````````````````````````````````````````````````````````````````
2025-07-22 14:55:50,447 - ERROR - Request failed with status code 404: The requested session could not be found
````````````````````````````````````````````````````````````````````````````````````````````````````

````````````````````````````````````````````````````````````````````````````````````````````````````
2025-07-22 14:55:47,239 - ERROR - Failed to add movie (96 of 170): Who Killed Garrett Phillips? (2019) to TMDB Watchlist (TMDB ID: 612524)
````````````````````````````````````````````````````````````````````````````````````````````````````

````````````````````````````````````````````````````````````````````````````````````````````````````
2025-07-22 14:55:47,237 - ERROR - Request failed with status code 404: The requested session could not be found
````````````````````````````````````````````````````````````````````````````````````````````````````

````````````````````````````````````````````````````````````````````````````````````````````````````
2025-07-22 14:55:46,052 - ERROR - Failed to add movie (94 of 170): Die Hart 2: Die Harter (2024) to TMDB Watchlist (TMDB ID: 1506717)
````````````````````````````````````````````````````````````````````````````````````````````````````

````````````````````````````````````````````````````````````````````````````````````````````````````
2025-07-22 14:55:46,050 - ERROR - Request failed with status code 404: The requested session could not be found
````````````````````````````````````````````````````````````````````````````````````````````````````

````````````````````````````````````````````````````````````````````````````````````````````````````
2025-07-22 14:55:34,405 - ERROR - Failed to add movie (71 of 170): Good Grades (None) to TMDB Watchlist (TMDB ID: 1132698)
````````````````````````````````````````````````````````````````````````````````````````````````````

````````````````````````````````````````````````````````````````````````````````````````````````````
2025-07-22 14:55:34,403 - ERROR - Request failed with status code 404: The requested session could not be found
````````````````````````````````````````````````````````````````````````````````````````````````````

````````````````````````````````````````````````````````````````````````````````````````````````````
2025-07-22 14:55:16,661 - ERROR - Failed to add movie (37 of 170): Untitled John Cena-Jason Bateman Action Comedy (None) to TMDB Watchlist (TMDB ID: 740033)
````````````````````````````````````````````````````````````````````````````````````````````````````

````````````````````````````````````````````````````````````````````````````````````````````````````
2025-07-22 14:55:16,660 - ERROR - Request failed with status code 404: The requested session could not be found
````````````````````````````````````````````````````````````````````````````````````````````````````

````````````````````````````````````````````````````````````````````````````````````````````````````
2025-07-22 14:55:02,348 - ERROR - Failed to add show (11 of 170): How It Really Happened on CNN (2024) to TMDB Watchlist (TMDB ID: 251552)
````````````````````````````````````````````````````````````````````````````````````````````````````

````````````````````````````````````````````````````````````````````````````````````````````````````
2025-07-22 14:55:02,347 - ERROR - Request failed with status code 404: The requested session could not be found
````````````````````````````````````````````````````````````````````````````````````````````````````

````````````````````````````````````````````````````````````````````````````````````````````````````
2025-07-22 14:54:59,623 - ERROR - Network error: HTTPSConnectionPool(host='api.themoviedb.org', port=443): Max retries exceeded with url: /3/account/21447756/watchlist (Caused by SSLError(SSLEOFError(8, '[SSL: UNEXPECTED_EOF_WHILE_READING] EOF occurred in violation of protocol (_ssl.c:1000)'))). Retrying 1/5. Time remaining: 15s
Traceback (most recent call last):
  File "/usr/lib/python3/dist-packages/urllib3/connectionpool.py", line 468, in _make_request
    self._validate_conn(conn)
  File "/usr/lib/python3/dist-packages/urllib3/connectionpool.py", line 1097, in _validate_conn
    conn.connect()
  File "/usr/lib/python3/dist-packages/urllib3/connection.py", line 642, in connect
    sock_and_verified = _ssl_wrap_socket_and_match_hostname(
                        ^^^^^^^^^^^^^^^^^^^^^^^^^^^^^^^^^^^^
  File "/usr/lib/python3/dist-packages/urllib3/connection.py", line 783, in _ssl_wrap_socket_and_match_hostname
    ssl_sock = ssl_wrap_socket(
               ^^^^^^^^^^^^^^^^
  File "/usr/lib/python3/dist-packages/urllib3/util/ssl_.py", line 471, in ssl_wrap_socket
    ssl_sock = _ssl_wrap_socket_impl(sock, context, tls_in_tls, server_hostname)
               ^^^^^^^^^^^^^^^^^^^^^^^^^^^^^^^^^^^^^^^^^^^^^^^^^^^^^^^^^^^^^^^^^
  File "/usr/lib/python3/dist-packages/urllib3/util/ssl_.py", line 515, in _ssl_wrap_socket_impl
    return ssl_context.wrap_socket(sock, server_hostname=server_hostname)
           ^^^^^^^^^^^^^^^^^^^^^^^^^^^^^^^^^^^^^^^^^^^^^^^^^^^^^^^^^^^^^^
  File "/usr/lib/python3.12/ssl.py", line 455, in wrap_socket
    return self.sslsocket_class._create(
           ^^^^^^^^^^^^^^^^^^^^^^^^^^^^^
  File "/usr/lib/python3.12/ssl.py", line 1042, in _create
    self.do_handshake()
  File "/usr/lib/python3.12/ssl.py", line 1320, in do_handshake
    self._sslobj.do_handshake()
ssl.SSLEOFError: [SSL: UNEXPECTED_EOF_WHILE_READING] EOF occurred in violation of protocol (_ssl.c:1000)

During handling of the above exception, another exception occurred:

Traceback (most recent call last):
  File "/usr/lib/python3/dist-packages/urllib3/connectionpool.py", line 791, in urlopen
    response = self._make_request(
               ^^^^^^^^^^^^^^^^^^^
  File "/usr/lib/python3/dist-packages/urllib3/connectionpool.py", line 492, in _make_request
    raise new_e
urllib3.exceptions.SSLError: [SSL: UNEXPECTED_EOF_WHILE_READING] EOF occurred in violation of protocol (_ssl.c:1000)

The above exception was the direct cause of the following exception:

Traceback (most recent call last):
  File "/usr/lib/python3/dist-packages/requests/adapters.py", line 486, in send
    resp = conn.urlopen(
           ^^^^^^^^^^^^^
  File "/usr/lib/python3/dist-packages/urllib3/connectionpool.py", line 845, in urlopen
    retries = retries.increment(
              ^^^^^^^^^^^^^^^^^^
  File "/usr/lib/python3/dist-packages/urllib3/util/retry.py", line 517, in increment
    raise MaxRetryError(_pool, url, reason) from reason  # type: ignore[arg-type]
    ^^^^^^^^^^^^^^^^^^^^^^^^^^^^^^^^^^^^^^^^^^^^^^^^^^^
urllib3.exceptions.MaxRetryError: HTTPSConnectionPool(host='api.themoviedb.org', port=443): Max retries exceeded with url: /3/account/21447756/watchlist (Caused by SSLError(SSLEOFError(8, '[SSL: UNEXPECTED_EOF_WHILE_READING] EOF occurred in violation of protocol (_ssl.c:1000)')))

During handling of the above exception, another exception occurred:

Traceback (most recent call last):
  File "/home/jeremy/Server/Configs/mediaserver/TMDBTraktSyncer/TMDB-Trakt-Syncer/TMDBTraktSyncer/errorHandling.py", line 181, in make_tmdb_request
    response = requests.post(url, headers=headers, json=payload, timeout=connection_timeout)
               ^^^^^^^^^^^^^^^^^^^^^^^^^^^^^^^^^^^^^^^^^^^^^^^^^^^^^^^^^^^^^^^^^^^^^^^^^^^^^
  File "/usr/lib/python3/dist-packages/requests/api.py", line 115, in post
    return request("post", url, data=data, json=json, **kwargs)
           ^^^^^^^^^^^^^^^^^^^^^^^^^^^^^^^^^^^^^^^^^^^^^^^^^^^^
  File "/usr/lib/python3/dist-packages/requests/api.py", line 59, in request
    return session.request(method=method, url=url, **kwargs)
           ^^^^^^^^^^^^^^^^^^^^^^^^^^^^^^^^^^^^^^^^^^^^^^^^^
  File "/usr/lib/python3/dist-packages/requests/sessions.py", line 589, in request
    resp = self.send(prep, **send_kwargs)
           ^^^^^^^^^^^^^^^^^^^^^^^^^^^^^^
  File "/usr/lib/python3/dist-packages/requests/sessions.py", line 703, in send
    r = adapter.send(request, **kwargs)
        ^^^^^^^^^^^^^^^^^^^^^^^^^^^^^^^
  File "/usr/lib/python3/dist-packages/requests/adapters.py", line 517, in send
    raise SSLError(e, request=request)
requests.exceptions.SSLError: HTTPSConnectionPool(host='api.themoviedb.org', port=443): Max retries exceeded with url: /3/account/21447756/watchlist (Caused by SSLError(SSLEOFError(8, '[SSL: UNEXPECTED_EOF_WHILE_READING] EOF occurred in violation of protocol (_ssl.c:1000)')))
````````````````````````````````````````````````````````````````````````````````````````````````````

